-- The C compiler identification is GNU 11.4.0
-- The CXX compiler identification is GNU 11.4.0
-- Detecting C compiler ABI info
-- Detecting C compiler ABI info - done
-- Check for working C compiler: /usr/bin/cc - skipped
-- Detecting C compile features
-- Detecting C compile features - done
-- Detecting CXX compiler ABI info
-- Detecting CXX compiler ABI info - done
-- Check for working CXX compiler: /usr/bin/c++ - skipped
-- Detecting CXX compile features
-- Detecting CXX compile features - done
-- Found ament_cmake: 1.3.10 (/opt/ros/humble/share/ament_cmake/cmake)
-- Found Python3: /usr/bin/python3 (found version "3.10.12") found components: Interpreter 
-- Found rclpy: 3.3.14 (/opt/ros/humble/share/rclpy/cmake)
-- Found sensor_msgs: 4.2.4 (/opt/ros/humble/share/sensor_msgs/cmake)
-- Found rosidl_generator_c: 3.1.5 (/opt/ros/humble/share/rosidl_generator_c/cmake)
-- Found rosidl_adapter: 3.1.5 (/opt/ros/humble/share/rosidl_adapter/cmake)
-- Found rosidl_generator_cpp: 3.1.5 (/opt/ros/humble/share/rosidl_generator_cpp/cmake)
-- Using all available rosidl_typesupport_c: rosidl_typesupport_fastrtps_c;rosidl_typesupport_introspection_c
-- Using all available rosidl_typesupport_cpp: rosidl_typesupport_fastrtps_cpp;rosidl_typesupport_introspection_cpp
-- Found cv_bridge: 3.2.1 (/opt/ros/humble/share/cv_bridge/cmake)
-- Found OpenCV: /usr (found version "4.5.4") 
-- Configuring done
-- Generating done
-- Build files have been written to: /home/sener/ros2_tutorials_ws/build/my_astra_camera
-- Install configuration: ""
-- Installing: /home/sener/ros2_tutorials_ws/install/my_astra_camera/lib/my_astra_camera/CameraCapture.py
-- Installing: /home/sener/ros2_tutorials_ws/install/my_astra_camera/lib/my_astra_camera/DepthMeasurement.py
-- Installing: /home/sener/ros2_tutorials_ws/install/my_astra_camera/share/ament_index/resource_index/package_run_dependencies/my_astra_camera
-- Installing: /home/sener/ros2_tutorials_ws/install/my_astra_camera/share/ament_index/resource_index/parent_prefix_path/my_astra_camera
-- Installing: /home/sener/ros2_tutorials_ws/install/my_astra_camera/share/my_astra_camera/environment/ament_prefix_path.sh
-- Installing: /home/sener/ros2_tutorials_ws/install/my_astra_camera/share/my_astra_camera/environment/ament_prefix_path.dsv
-- Installing: /home/sener/ros2_tutorials_ws/install/my_astra_camera/share/my_astra_camera/environment/path.sh
-- Installing: /home/sener/ros2_tutorials_ws/install/my_astra_camera/share/my_astra_camera/environment/path.dsv
-- Installing: /home/sener/ros2_tutorials_ws/install/my_astra_camera/share/my_astra_camera/local_setup.bash
-- Installing: /home/sener/ros2_tutorials_ws/install/my_astra_camera/share/my_astra_camera/local_setup.sh
-- Installing: /home/sener/ros2_tutorials_ws/install/my_astra_camera/share/my_astra_camera/local_setup.zsh
-- Installing: /home/sener/ros2_tutorials_ws/install/my_astra_camera/share/my_astra_camera/local_setup.dsv
-- Installing: /home/sener/ros2_tutorials_ws/install/my_astra_camera/share/my_astra_camera/package.dsv
-- Installing: /home/sener/ros2_tutorials_ws/install/my_astra_camera/share/ament_index/resource_index/packages/my_astra_camera
-- Installing: /home/sener/ros2_tutorials_ws/install/my_astra_camera/share/my_astra_camera/cmake/ament_cmake_export_dependencies-extras.cmake
-- Installing: /home/sener/ros2_tutorials_ws/install/my_astra_camera/share/my_astra_camera/cmake/my_astra_cameraConfig.cmake
-- Installing: /home/sener/ros2_tutorials_ws/install/my_astra_camera/share/my_astra_camera/cmake/my_astra_cameraConfig-version.cmake
-- Installing: /home/sener/ros2_tutorials_ws/install/my_astra_camera/share/my_astra_camera/package.xml
