[0.047s] Invoking command in '/home/sener/ros2_tutorials_ws/build/my_astra_camera': /usr/bin/cmake /home/sener/ros2_tutorials_ws/src/my_astra_camera -DCATKIN_INSTALL_INTO_PREFIX_ROOT=0 -DCMAKE_INSTALL_PREFIX=/home/sener/ros2_tutorials_ws/install/my_astra_camera
[0.336s] -- The C compiler identification is GNU 11.4.0
[0.610s] -- The CXX compiler identification is GNU 11.4.0
[0.644s] -- Detecting C compiler ABI info
[0.984s] -- Detecting C compiler ABI info - done
[1.014s] -- Check for working C compiler: /usr/bin/cc - skipped
[1.015s] -- Detecting C compile features
[1.016s] -- Detecting C compile features - done
[1.028s] -- Detecting CXX compiler ABI info
[1.404s] -- Detecting CXX compiler ABI info - done
[1.437s] -- Check for working CXX compiler: /usr/bin/c++ - skipped
[1.437s] -- Detecting CXX compile features
[1.439s] -- Detecting CXX compile features - done
[1.470s] -- Found ament_cmake: 1.3.10 (/opt/ros/humble/share/ament_cmake/cmake)
[4.891s] -- Found Python3: /usr/bin/python3 (found version "3.10.12") found components: Interpreter 
[5.520s] -- Found rclpy: 3.3.14 (/opt/ros/humble/share/rclpy/cmake)
[5.541s] -- Found sensor_msgs: 4.2.4 (/opt/ros/humble/share/sensor_msgs/cmake)
[5.862s] -- Found rosidl_generator_c: 3.1.5 (/opt/ros/humble/share/rosidl_generator_c/cmake)
[5.914s] -- Found rosidl_adapter: 3.1.5 (/opt/ros/humble/share/rosidl_adapter/cmake)
[5.980s] -- Found rosidl_generator_cpp: 3.1.5 (/opt/ros/humble/share/rosidl_generator_cpp/cmake)
[6.061s] -- Using all available rosidl_typesupport_c: rosidl_typesupport_fastrtps_c;rosidl_typesupport_introspection_c
[6.180s] -- Using all available rosidl_typesupport_cpp: rosidl_typesupport_fastrtps_cpp;rosidl_typesupport_introspection_cpp
[6.498s] -- Found cv_bridge: 3.2.1 (/opt/ros/humble/share/cv_bridge/cmake)
[6.566s] -- Found OpenCV: /usr (found version "4.5.4") 
[6.880s] -- Configuring done
[6.910s] -- Generating done
[6.914s] [33mCMake Warning:
[6.915s]   Manually-specified variables were not used by the project:
[6.915s] 
[6.915s]     CATKIN_INSTALL_INTO_PREFIX_ROOT
[6.916s] 
[6.916s] [0m
[6.920s] -- Build files have been written to: /home/sener/ros2_tutorials_ws/build/my_astra_camera
[6.951s] Invoked command in '/home/sener/ros2_tutorials_ws/build/my_astra_camera' returned '0': /usr/bin/cmake /home/sener/ros2_tutorials_ws/src/my_astra_camera -DCATKIN_INSTALL_INTO_PREFIX_ROOT=0 -DCMAKE_INSTALL_PREFIX=/home/sener/ros2_tutorials_ws/install/my_astra_camera
[6.960s] Invoking command in '/home/sener/ros2_tutorials_ws/build/my_astra_camera': /usr/bin/cmake --build /home/sener/ros2_tutorials_ws/build/my_astra_camera -- -j4 -l4
[7.122s] Invoked command in '/home/sener/ros2_tutorials_ws/build/my_astra_camera' returned '0': /usr/bin/cmake --build /home/sener/ros2_tutorials_ws/build/my_astra_camera -- -j4 -l4
[7.172s] Invoking command in '/home/sener/ros2_tutorials_ws/build/my_astra_camera': /usr/bin/cmake --install /home/sener/ros2_tutorials_ws/build/my_astra_camera
[7.200s] -- Install configuration: ""
[7.201s] -- Installing: /home/sener/ros2_tutorials_ws/install/my_astra_camera/lib/my_astra_camera/CameraCapture.py
[7.202s] -- Installing: /home/sener/ros2_tutorials_ws/install/my_astra_camera/lib/my_astra_camera/DepthMeasurement.py
[7.204s] -- Installing: /home/sener/ros2_tutorials_ws/install/my_astra_camera/share/ament_index/resource_index/package_run_dependencies/my_astra_camera
[7.206s] -- Installing: /home/sener/ros2_tutorials_ws/install/my_astra_camera/share/ament_index/resource_index/parent_prefix_path/my_astra_camera
[7.207s] -- Installing: /home/sener/ros2_tutorials_ws/install/my_astra_camera/share/my_astra_camera/environment/ament_prefix_path.sh
[7.209s] -- Installing: /home/sener/ros2_tutorials_ws/install/my_astra_camera/share/my_astra_camera/environment/ament_prefix_path.dsv
[7.210s] -- Installing: /home/sener/ros2_tutorials_ws/install/my_astra_camera/share/my_astra_camera/environment/path.sh
[7.211s] -- Installing: /home/sener/ros2_tutorials_ws/install/my_astra_camera/share/my_astra_camera/environment/path.dsv
[7.212s] -- Installing: /home/sener/ros2_tutorials_ws/install/my_astra_camera/share/my_astra_camera/local_setup.bash
[7.214s] -- Installing: /home/sener/ros2_tutorials_ws/install/my_astra_camera/share/my_astra_camera/local_setup.sh
[7.215s] -- Installing: /home/sener/ros2_tutorials_ws/install/my_astra_camera/share/my_astra_camera/local_setup.zsh
[7.217s] -- Installing: /home/sener/ros2_tutorials_ws/install/my_astra_camera/share/my_astra_camera/local_setup.dsv
[7.218s] -- Installing: /home/sener/ros2_tutorials_ws/install/my_astra_camera/share/my_astra_camera/package.dsv
[7.220s] -- Installing: /home/sener/ros2_tutorials_ws/install/my_astra_camera/share/ament_index/resource_index/packages/my_astra_camera
[7.221s] -- Installing: /home/sener/ros2_tutorials_ws/install/my_astra_camera/share/my_astra_camera/cmake/ament_cmake_export_dependencies-extras.cmake
[7.223s] -- Installing: /home/sener/ros2_tutorials_ws/install/my_astra_camera/share/my_astra_camera/cmake/my_astra_cameraConfig.cmake
[7.224s] -- Installing: /home/sener/ros2_tutorials_ws/install/my_astra_camera/share/my_astra_camera/cmake/my_astra_cameraConfig-version.cmake
[7.225s] -- Installing: /home/sener/ros2_tutorials_ws/install/my_astra_camera/share/my_astra_camera/package.xml
[7.232s] Invoked command in '/home/sener/ros2_tutorials_ws/build/my_astra_camera' returned '0': /usr/bin/cmake --install /home/sener/ros2_tutorials_ws/build/my_astra_camera
